senior_balance(android)/app/build/intermediates/manifest_merge_blame_file/debug/manifest-merger-blame-debug-report.txt
1<?xml version="1.0" encoding="utf-8"?>
2<manifest xmlns:android="http://schemas.android.com/apk/res/android"
3    package="org.tensorflow.lite.examples.classification"
4    android:versionCode="1"
5    android:versionName="1.0" >
6
7    <uses-sdk
7-->src/main/AndroidManifest.xml:5:5-17
8        android:minSdkVersion="21"
8-->src/main/AndroidManifest.xml:5:5-17
9        android:targetSdkVersion="28" />
9-->src/main/AndroidManifest.xml:5:5-17
10
11    <uses-permission android:name="android.permission.CAMERA" />
11-->src/main/AndroidManifest.xml:7:5-65
11-->src/main/AndroidManifest.xml:7:22-62
12
13    <uses-feature android:name="android.hardware.camera" />
13-->src/main/AndroidManifest.xml:9:5-60
13-->src/main/AndroidManifest.xml:9:19-57
14    <uses-feature android:name="android.hardware.camera.autofocus" />
14-->src/main/AndroidManifest.xml:10:5-70
14-->src/main/AndroidManifest.xml:10:19-67
15
16    <!-- Although the *SdkVersion is captured in gradle build files, this is required for non gradle builds -->
17    <!-- <uses-sdk android:minSdkVersion="14"/> -->
18    <uses-permission android:name="android.permission.ACCESS_NETWORK_STATE" />
18-->[com.google.firebase:firebase-database:19.3.1] AndroidManifest.xml:25:5-79
18-->[com.google.firebase:firebase-database:19.3.1] AndroidManifest.xml:25:22-76
19    <uses-permission android:name="android.permission.INTERNET" />
19-->[com.google.firebase:firebase-database:19.3.1] AndroidManifest.xml:26:5-67
19-->[com.google.firebase:firebase-database:19.3.1] AndroidManifest.xml:26:22-64
20    <uses-permission android:name="android.permission.WAKE_LOCK" /> <!-- Required by older versions of Google Play services to create IID tokens -->
20-->[com.google.android.gms:play-services-measurement-api:17.2.2] AndroidManifest.xml:24:5-68
20-->[com.google.android.gms:play-services-measurement-api:17.2.2] AndroidManifest.xml:24:22-65
21    <uses-permission android:name="com.google.android.c2dm.permission.RECEIVE" />
21-->[com.google.firebase:firebase-iid:20.0.2] AndroidManifest.xml:26:5-82
21-->[com.google.firebase:firebase-iid:20.0.2] AndroidManifest.xml:26:22-79
22    <uses-permission android:name="com.google.android.finsky.permission.BIND_GET_INSTALL_REFERRER_SERVICE" />
22-->[com.google.android.gms:play-services-measurement:17.2.2] AndroidManifest.xml:26:5-110
22-->[com.google.android.gms:play-services-measurement:17.2.2] AndroidManifest.xml:26:22-107
23
24    <application
24-->src/main/AndroidManifest.xml:12:5-34:19
25        android:allowBackup="true"
25-->src/main/AndroidManifest.xml:13:9-35
26        android:appComponentFactory="androidx.core.app.CoreComponentFactory"
26-->[androidx.core:core:1.0.0] AndroidManifest.xml:22:18-86
27        android:debuggable="true"
28        android:icon="@mipmap/ic_launcher"
28-->src/main/AndroidManifest.xml:14:9-43
29        android:label="@string/tfe_ic_app_name"
29-->src/main/AndroidManifest.xml:15:9-48
30        android:roundIcon="@mipmap/ic_launcher_round"
30-->src/main/AndroidManifest.xml:16:9-54
31        android:supportsRtl="true"
31-->src/main/AndroidManifest.xml:17:9-35
32        android:testOnly="true"
33        android:theme="@style/AppTheme.ImageClassification" >
33-->src/main/AndroidManifest.xml:18:9-60
34        <activity android:name="org.tensorflow.lite.examples.classification.LogInActivity" >
34-->src/main/AndroidManifest.xml:20:9-26:20
34-->src/main/AndroidManifest.xml:20:19-48
35            <intent-filter>
35-->src/main/AndroidManifest.xml:21:13-25:29
36                <action android:name="android.intent.action.MAIN" />
36-->src/main/AndroidManifest.xml:22:17-69
36-->src/main/AndroidManifest.xml:22:25-66
37
38                <category android:name="android.intent.category.LAUNCHER" />
38-->src/main/AndroidManifest.xml:24:17-77
38-->src/main/AndroidManifest.xml:24:27-74
39            </intent-filter>
40        </activity>
41        <activity android:name="org.tensorflow.lite.examples.classification.SignUpActivity" />
41-->src/main/AndroidManifest.xml:27:9-51
41-->src/main/AndroidManifest.xml:27:19-49
42        <activity android:name="org.tensorflow.lite.examples.classification.MainActivity" />
42-->src/main/AndroidManifest.xml:28:9-49
42-->src/main/AndroidManifest.xml:28:19-47
43        <activity
43-->src/main/AndroidManifest.xml:29:9-33:20
44            android:name="org.tensorflow.lite.examples.classification.ClassifierActivity"
44-->src/main/AndroidManifest.xml:30:13-47
45            android:label="@string/tfe_ic_app_name"
45-->src/main/AndroidManifest.xml:31:13-52
46            android:screenOrientation="portrait" >
46-->src/main/AndroidManifest.xml:32:13-49
47        </activity>
48        <activity
48-->[com.google.firebase:firebase-auth:19.3.2] AndroidManifest.xml:24:9-31:50
49            android:name="com.google.firebase.auth.internal.FederatedSignInActivity"
49-->[com.google.firebase:firebase-auth:19.3.2] AndroidManifest.xml:25:13-85
50            android:excludeFromRecents="true"
50-->[com.google.firebase:firebase-auth:19.3.2] AndroidManifest.xml:26:13-46
51            android:exported="true"
51-->[com.google.firebase:firebase-auth:19.3.2] AndroidManifest.xml:27:13-36
52            android:launchMode="singleTask"
52-->[com.google.firebase:firebase-auth:19.3.2] AndroidManifest.xml:28:13-44
53            android:permission="com.google.firebase.auth.api.gms.permission.LAUNCH_FEDERATED_SIGN_IN"
53-->[com.google.firebase:firebase-auth:19.3.2] AndroidManifest.xml:29:13-102
54            android:theme="@android:style/Theme.Translucent.NoTitleBar" />
54-->[com.google.firebase:firebase-auth:19.3.2] AndroidManifest.xml:30:13-72
55
56        <service
56-->[com.google.firebase:firebase-auth:19.3.2] AndroidManifest.xml:33:9-39:19
57            android:name="com.google.firebase.components.ComponentDiscoveryService"
57-->[com.google.firebase:firebase-auth:19.3.2] AndroidManifest.xml:34:13-84
58            android:directBootAware="true"
58-->[com.google.firebase:firebase-common:19.3.0] AndroidManifest.xml:34:13-43
59            android:exported="false" >
59-->[com.google.firebase:firebase-auth:19.3.2] AndroidManifest.xml:35:13-37
60            <meta-data
60-->[com.google.firebase:firebase-auth:19.3.2] AndroidManifest.xml:36:13-38:85
61                android:name="com.google.firebase.components:com.google.firebase.auth.FirebaseAuthRegistrar"
61-->[com.google.firebase:firebase-auth:19.3.2] AndroidManifest.xml:37:17-109
62                android:value="com.google.firebase.components.ComponentRegistrar" />
62-->[com.google.firebase:firebase-auth:19.3.2] AndroidManifest.xml:38:17-82
63            <meta-data
63-->[com.google.firebase:firebase-database:19.3.1] AndroidManifest.xml:32:13-34:85
64                android:name="com.google.firebase.components:com.google.firebase.database.DatabaseRegistrar"
64-->[com.google.firebase:firebase-database:19.3.1] AndroidManifest.xml:33:17-109
65                android:value="com.google.firebase.components.ComponentRegistrar" />
65-->[com.google.firebase:firebase-database:19.3.1] AndroidManifest.xml:34:17-82
66            <meta-data
66-->[com.google.android.gms:play-services-measurement-api:17.2.2] AndroidManifest.xml:30:13-32:85
67                android:name="com.google.firebase.components:com.google.firebase.analytics.connector.internal.AnalyticsConnectorRegistrar"
67-->[com.google.android.gms:play-services-measurement-api:17.2.2] AndroidManifest.xml:31:17-139
68                android:value="com.google.firebase.components.ComponentRegistrar" />
68-->[com.google.android.gms:play-services-measurement-api:17.2.2] AndroidManifest.xml:32:17-82
69            <meta-data
69-->[com.google.firebase:firebase-iid:20.0.2] AndroidManifest.xml:32:13-34:85
70                android:name="com.google.firebase.components:com.google.firebase.iid.Registrar"
70-->[com.google.firebase:firebase-iid:20.0.2] AndroidManifest.xml:33:17-96
71                android:value="com.google.firebase.components.ComponentRegistrar" />
71-->[com.google.firebase:firebase-iid:20.0.2] AndroidManifest.xml:34:17-82
72        </service>
73
74        <receiver
74-->[com.google.firebase:firebase-iid:20.0.2] AndroidManifest.xml:37:9-44:20
75            android:name="com.google.firebase.iid.FirebaseInstanceIdReceiver"
75-->[com.google.firebase:firebase-iid:20.0.2] AndroidManifest.xml:38:13-78
76            android:exported="true"
76-->[com.google.firebase:firebase-iid:20.0.2] AndroidManifest.xml:39:13-36
77            android:permission="com.google.android.c2dm.permission.SEND" >
77-->[com.google.firebase:firebase-iid:20.0.2] AndroidManifest.xml:40:13-73
78            <intent-filter>
78-->[com.google.firebase:firebase-iid:20.0.2] AndroidManifest.xml:41:13-43:29
79                <action android:name="com.google.android.c2dm.intent.RECEIVE" />
79-->[com.google.firebase:firebase-iid:20.0.2] AndroidManifest.xml:42:17-81
79-->[com.google.firebase:firebase-iid:20.0.2] AndroidManifest.xml:42:25-78
80            </intent-filter>
81        </receiver>
82
83        <activity
83-->[com.google.android.gms:play-services-base:17.1.0] AndroidManifest.xml:23:9-26:75
84            android:name="com.google.android.gms.common.api.GoogleApiActivity"
84-->[com.google.android.gms:play-services-base:17.1.0] AndroidManifest.xml:24:13-79
85            android:exported="false"
85-->[com.google.android.gms:play-services-base:17.1.0] AndroidManifest.xml:25:13-37
86            android:theme="@android:style/Theme.Translucent.NoTitleBar" />
86-->[com.google.android.gms:play-services-base:17.1.0] AndroidManifest.xml:26:13-72
87
88        <receiver
88-->[com.google.android.gms:play-services-measurement:17.2.2] AndroidManifest.xml:29:9-33:20
89            android:name="com.google.android.gms.measurement.AppMeasurementReceiver"
89-->[com.google.android.gms:play-services-measurement:17.2.2] AndroidManifest.xml:30:13-85
90            android:enabled="true"
90-->[com.google.android.gms:play-services-measurement:17.2.2] AndroidManifest.xml:31:13-35
91            android:exported="false" >
91-->[com.google.android.gms:play-services-measurement:17.2.2] AndroidManifest.xml:32:13-37
92        </receiver>
93        <receiver
93-->[com.google.android.gms:play-services-measurement:17.2.2] AndroidManifest.xml:34:9-42:20
94            android:name="com.google.android.gms.measurement.AppMeasurementInstallReferrerReceiver"
94-->[com.google.android.gms:play-services-measurement:17.2.2] AndroidManifest.xml:35:13-100
95            android:enabled="true"
95-->[com.google.android.gms:play-services-measurement:17.2.2] AndroidManifest.xml:36:13-35
96            android:exported="true"
96-->[com.google.android.gms:play-services-measurement:17.2.2] AndroidManifest.xml:37:13-36
97            android:permission="android.permission.INSTALL_PACKAGES" >
97-->[com.google.android.gms:play-services-measurement:17.2.2] AndroidManifest.xml:38:13-69
98            <intent-filter>
98-->[com.google.android.gms:play-services-measurement:17.2.2] AndroidManifest.xml:39:13-41:29
99                <action android:name="com.android.vending.INSTALL_REFERRER" />
99-->[com.google.android.gms:play-services-measurement:17.2.2] AndroidManifest.xml:40:17-79
99-->[com.google.android.gms:play-services-measurement:17.2.2] AndroidManifest.xml:40:25-76
100            </intent-filter>
101        </receiver>
102
103        <service
103-->[com.google.android.gms:play-services-measurement:17.2.2] AndroidManifest.xml:44:9-47:40
104            android:name="com.google.android.gms.measurement.AppMeasurementService"
104-->[com.google.android.gms:play-services-measurement:17.2.2] AndroidManifest.xml:45:13-84
105            android:enabled="true"
105-->[com.google.android.gms:play-services-measurement:17.2.2] AndroidManifest.xml:46:13-35
106            android:exported="false" />
106-->[com.google.android.gms:play-services-measurement:17.2.2] AndroidManifest.xml:47:13-37
107        <service
107-->[com.google.android.gms:play-services-measurement:17.2.2] AndroidManifest.xml:48:9-52:72
108            android:name="com.google.android.gms.measurement.AppMeasurementJobService"
108-->[com.google.android.gms:play-services-measurement:17.2.2] AndroidManifest.xml:49:13-87
109            android:enabled="true"
109-->[com.google.android.gms:play-services-measurement:17.2.2] AndroidManifest.xml:50:13-35
110            android:exported="false"
110-->[com.google.android.gms:play-services-measurement:17.2.2] AndroidManifest.xml:51:13-37
111            android:permission="android.permission.BIND_JOB_SERVICE" />
111-->[com.google.android.gms:play-services-measurement:17.2.2] AndroidManifest.xml:52:13-69
112
113        <provider
113-->[com.google.firebase:firebase-common:19.3.0] AndroidManifest.xml:26:9-30:39
114            android:name="com.google.firebase.provider.FirebaseInitProvider"
114-->[com.google.firebase:firebase-common:19.3.0] AndroidManifest.xml:27:13-77
115            android:authorities="org.tensorflow.lite.examples.classification.firebaseinitprovider"
115-->[com.google.firebase:firebase-common:19.3.0] AndroidManifest.xml:28:13-72
116            android:exported="false"
116-->[com.google.firebase:firebase-common:19.3.0] AndroidManifest.xml:29:13-37
117            android:initOrder="100" />
117-->[com.google.firebase:firebase-common:19.3.0] AndroidManifest.xml:30:13-36
118
119        <meta-data
119-->[com.google.android.gms:play-services-basement:17.0.0] AndroidManifest.xml:23:9-25:69
120            android:name="com.google.android.gms.version"
120-->[com.google.android.gms:play-services-basement:17.0.0] AndroidManifest.xml:24:13-58
121            android:value="@integer/google_play_services_version" />
121-->[com.google.android.gms:play-services-basement:17.0.0] AndroidManifest.xml:25:13-66
122    </application>
123
124</manifest>